{"level":"info","message":"Server started on port 5000"}
{"level":"info","message":"MongoDB connected successfully"}
{"level":"warn","message":"Admin login failed for email: surendrajangid167@gmail.com"}
{"level":"warn","message":"Admin login failed for email: surendrajangid167@gmail.com"}
{"level":"warn","message":"Admin login failed for email: surendrajangid167@gmail.com"}
{"level":"warn","message":"Admin login failed for email: surendrajangid167@gmail.com"}
{"level":"warn","message":"Admin login failed for email: surendrajangid167@gmail.com"}
{"level":"warn","message":"Admin login failed for email: surendrajangid167@gmail.com"}
{"level":"warn","message":"Admin login failed for email: surendrajangid167@gmail.com"}
{"level":"warn","message":"Admin login failed for email: surendrajangid167@gmail.com"}
{"level":"warn","message":"Admin login failed for email: surendrajangid167@gmail.com"}
{"level":"warn","message":"Admin login failed for email: surendrajangid167@gmail.com"}
{"level":"warn","message":"Admin login failed for email: surendrajangid167@gmail.com"}
{"level":"warn","message":"Admin login failed for email: surendrajangid167@gmail.com"}
{"level":"info","message":"Server started on port 5000"}
{"level":"info","message":"MongoDB connected successfully"}
{"level":"info","message":"USER logged in successfully: surendrajangid167@gmail.com"}
{"level":"info","message":"USER logged in successfully: surendrajangid167@gmail.com"}
{"level":"info","message":"USER logged in successfully: surendrajangid167@gmail.com"}
{"level":"info","message":"Server started on port 5000"}
{"level":"info","message":"MongoDB connected successfully"}
{"level":"info","message":"USER logged in successfully: surendrajangid167@gmail.com"}
{"level":"info","message":"USER logged in successfully: surendrajangid167@gmail.com"}
{"level":"info","message":"USER logged in successfully: surendrajangid167@gmail.com"}
{"level":"info","message":"Server started on port 5000"}
{"level":"info","message":"MongoDB connected successfully"}
{"level":"info","message":"USER logged in successfully: surendrajangid167@gmail.com"}
{"level":"info","message":"USER logged in successfully: surendrajangid167@gmail.com"}
{"level":"info","message":"USER logged in successfully: surendrajangid167@gmail.com"}
{"level":"info","message":"Server started on port 5000"}
{"level":"info","message":"MongoDB connected successfully"}
{"level":"info","message":"USER logged in successfully: surendrajangid167@gmail.com"}
{"level":"info","message":"Server started on port 5000"}
{"level":"info","message":"MongoDB connected successfully"}
{"level":"info","message":"USER logged in successfully: surendrajangid167@gmail.com"}
{"level":"info","message":"Server started on port 5000"}
{"level":"info","message":"MongoDB connected successfully"}
{"level":"info","message":"USER logged in successfully: surendrajangid167@gmail.com"}
{"level":"info","message":"Server started on port 5000"}
{"level":"error","message":"Login error: Operation `users.findOne()` buffering timed out after 10000ms"}
{"level":"error","message":"Login error: Operation `users.findOne()` buffering timed out after 10000ms"}
{"level":"error","message":"Login error: Operation `users.findOne()` buffering timed out after 10000ms"}
{"level":"error","message":"Login error: Operation `users.findOne()` buffering timed out after 10000ms"}
{"level":"error","message":"MongoDB connection error: Could not connect to any servers in your MongoDB Atlas cluster. One common reason is that you're trying to access the database from an IP that isn't whitelisted. Make sure your current IP address is on your Atlas cluster's IP whitelist: https://www.mongodb.com/docs/atlas/security-whitelist/"}
{"level":"info","message":"Server started on port 5000"}
{"level":"info","message":"MongoDB connected successfully"}
{"level":"info","message":"USER logged in successfully: surendrajangid167@gmail.com"}
{"level":"info","message":"Server started on port 5000"}
{"level":"info","message":"MongoDB connected successfully"}
{"level":"info","message":"Server started on port 5000"}
{"level":"info","message":"MongoDB connected successfully"}
{"level":"info","message":"USER logged in successfully: surendrajangid167@gmail.com"}
{"level":"warn","message":"Login failed for email: surendrajangid167@gmail.com"}
{"level":"info","message":"USER logged in successfully: surendrajangid167@gmail.com"}
{"level":"info","message":"USER logged in successfully: surendrajangid167@gmail.com"}
{"level":"info","message":"USER logged in successfully: surendrajangid167@gmail.com"}
{"level":"info","message":"USER logged in successfully: surendrajangid167@gmail.com"}
{"level":"info","message":"USER logged in successfully: surendrajangid167@gmail.com"}
{"level":"info","message":"USER logged in successfully: surendrajangid167@gmail.com"}
{"level":"info","message":"USER logged in successfully: surendrajangid167@gmail.com"}
{"level":"info","message":"USER logged in successfully: surendrajangid167@gmail.com"}
{"level":"info","message":"USER logged in successfully: surendrajangid167@gmail.com"}
{"level":"info","message":"USER logged in successfully: surendrajangid167@gmail.com"}
{"level":"info","message":"USER logged in successfully: surendrajangid167@gmail.com"}
{"level":"info","message":"Server started on port 5000"}
{"level":"info","message":"MongoDB connected successfully"}
{"level":"info","message":"Server started on port 5000"}
{"level":"info","message":"MongoDB connected successfully"}
{"level":"info","message":"Server started on port 5000"}
{"level":"info","message":"MongoDB connected successfully"}
{"level":"info","message":"Server started on port 5000"}
{"level":"info","message":"MongoDB connected successfully"}
{"level":"info","message":"Server started on port 5000"}
{"level":"info","message":"MongoDB connected successfully"}
{"level":"info","message":"Server started on port 5000"}
{"level":"info","message":"MongoDB connected successfully"}
{"level":"info","message":"Server started on port 5000"}
{"level":"info","message":"MongoDB connected successfully"}
{"level":"info","message":"Server started on port 5000"}
{"level":"info","message":"MongoDB connected successfully"}
{"level":"info","message":"Server started on port 5000"}
{"level":"info","message":"MongoDB connected successfully"}
{"level":"info","message":"Server started on port 5000"}
{"level":"info","message":"MongoDB connected successfully"}
{"level":"info","message":"Server started on port 5000"}
{"level":"info","message":"MongoDB connected successfully"}
{"level":"info","message":"Server started on port 5000"}
{"level":"info","message":"MongoDB connected successfully"}
{"level":"info","message":"Server started on port 5000"}
{"level":"info","message":"MongoDB connected successfully"}
{"level":"info","message":"Server started on port 5000"}
{"level":"info","message":"MongoDB connected successfully"}
{"level":"info","message":"Server started on port 5000"}
{"level":"info","message":"MongoDB connected successfully"}
{"level":"info","message":"Server started on port 5000"}
{"level":"info","message":"MongoDB connected successfully"}
{"level":"warn","message":"Login failed for email: admin@admin.com"}
{"level":"warn","message":"Login failed for email: admin@admin.com"}
{"level":"info","message":"USER logged in successfully: surendrajangid167@gmail.com"}
{"level":"warn","message":"Login failed for email: user@user.com"}
2025-03-13T14:34:46.340Z [INFO]: Server running on port 5000
2025-03-13T14:34:46.356Z [ERROR]: MongoDB Connection Error: Invalid scheme, expected connection string to start with "mongodb://" or "mongodb+srv://"
2025-03-13T14:35:05.344Z [INFO]: Server running on port 5000
2025-03-13T14:35:05.359Z [ERROR]: MongoDB Connection Error: Invalid scheme, expected connection string to start with "mongodb://" or "mongodb+srv://"
2025-03-13T14:42:46.879Z [INFO]: Server running on port 5000
2025-03-13T14:42:46.887Z [ERROR]: MongoDB Connection Error: Invalid scheme, expected connection string to start with "mongodb://" or "mongodb+srv://"
{"level":"info","message":"Server running on port 5000"}
{"level":"error","message":"MongoDB connection error: Invalid scheme, expected connection string to start with \"mongodb://\" or \"mongodb+srv://\"","stack":"MongoParseError: Invalid scheme, expected connection string to start with \"mongodb://\" or \"mongodb+srv://\"\n    at new ConnectionString (E:\\iNeuron\\node_modules\\mongodb-connection-string-url\\lib\\index.js:86:19)\n    at parseOptions (E:\\iNeuron\\node_modules\\mongodb\\lib\\connection_string.js:203:17)\n    at new MongoClient (E:\\iNeuron\\node_modules\\mongodb\\lib\\mongo_client.js:51:61)\n    at NativeConnection.createClient (E:\\iNeuron\\node_modules\\mongoose\\lib\\drivers\\node-mongodb-native\\connection.js:328:14)\n    at NativeConnection.openUri (E:\\iNeuron\\node_modules\\mongoose\\lib\\connection.js:1060:34)\n    at Mongoose.connect (E:\\iNeuron\\node_modules\\mongoose\\lib\\mongoose.js:446:15)\n    at Object.<anonymous> (E:\\iNeuron\\servers.js:25:10)\n    at Module._compile (node:internal/modules/cjs/loader:1565:14)\n    at Object..js (node:internal/modules/cjs/loader:1708:10)\n    at Module.load (node:internal/modules/cjs/loader:1318:32)"}
{"level":"info","message":"Server running on port 5000"}
{"level":"info","message":"MongoDB connected successfully"}
{"level":"info","message":"Server running on port 5000","timestamp":"2025-03-16T14:33:02.357Z"}
{"level":"info","message":"MongoDB connected successfully","timestamp":"2025-03-16T14:33:03.634Z"}
{"level":"info","message":"User logged in: user@user.com","timestamp":"2025-03-16T14:33:30.791Z"}
{"level":"info","message":"Server running on port 5000","timestamp":"2025-03-16T14:37:01.212Z"}
{"level":"info","message":"MongoDB Atlas connected successfully","timestamp":"2025-03-16T14:37:02.422Z"}
{"level":"info","message":"User logged in: user@user.com","timestamp":"2025-03-16T14:37:16.480Z"}
{"level":"info","message":"Server running on port 5000","timestamp":"2025-03-16T14:39:02.909Z"}
{"level":"info","message":"MongoDB Atlas connected successfully","timestamp":"2025-03-16T14:39:04.137Z"}
{"level":"info","message":"User logged in: user@user.com","timestamp":"2025-03-16T14:39:11.852Z"}
{"level":"info","message":"Server running on port 5000","timestamp":"2025-03-16T14:42:54.473Z"}
{"level":"info","message":"MongoDB Atlas connected successfully","timestamp":"2025-03-16T14:42:55.881Z"}
{"level":"info","message":"User logged in: user@user.com","timestamp":"2025-03-16T14:43:03.800Z"}
{"level":"info","message":"Server running on port 5000","timestamp":"2025-03-16T14:47:00.868Z"}
{"level":"info","message":"MongoDB Atlas connected successfully","timestamp":"2025-03-16T14:47:02.087Z"}
{"level":"info","message":"User logged in: user@user.com","timestamp":"2025-03-16T14:47:32.738Z"}
{"level":"info","message":"Server running on port 5000","timestamp":"2025-03-16T14:57:53.190Z"}
{"level":"info","message":"MongoDB Atlas connected successfully","timestamp":"2025-03-16T14:57:54.388Z"}
{"level":"info","message":"User logged in: user@user.com","timestamp":"2025-03-16T14:58:06.180Z"}
{"level":"info","message":"Server running on port 5000","timestamp":"2025-03-16T15:00:41.116Z"}
{"level":"info","message":"MongoDB Atlas connected successfully","timestamp":"2025-03-16T15:00:42.323Z"}
{"level":"info","message":"User logged in: user@user.com","timestamp":"2025-03-16T15:00:55.937Z"}
{"level":"info","message":"Server running on port 5000","timestamp":"2025-03-16T15:05:41.201Z"}
{"level":"info","message":"MongoDB Atlas connected successfully","timestamp":"2025-03-16T15:05:42.750Z"}
{"level":"info","message":"User logged in: user@user.com","timestamp":"2025-03-16T15:05:52.493Z"}
{"level":"info","message":"User logged in: m.com","timestamp":"2025-03-16T15:06:10.245Z"}
{"level":"info","message":"User logged in: user@user.com","timestamp":"2025-03-16T15:06:57.423Z"}
{"level":"info","message":"Server running on port 5000","timestamp":"2025-03-16T15:10:56.327Z"}
{"level":"info","message":"MongoDB Atlas connected successfully","timestamp":"2025-03-16T15:10:57.564Z"}
{"level":"info","message":"User logged in: user@user.com","timestamp":"2025-03-16T15:11:16.876Z"}
{"level":"info","message":"Server running on port 5000","timestamp":"2025-03-16T18:05:44.102Z"}
{"level":"info","message":"MongoDB Atlas connected successfully","timestamp":"2025-03-16T18:05:45.431Z"}
{"level":"info","message":"User logged in: user@user.com","timestamp":"2025-03-16T18:05:56.117Z"}
{"level":"info","message":"Server running on port 5000","timestamp":"2025-03-16T18:13:53.044Z"}
{"level":"info","message":"MongoDB Atlas connected successfully","timestamp":"2025-03-16T18:13:54.700Z"}
{"level":"info","message":"Server running on port 5000","timestamp":"2025-03-16T18:15:19.281Z"}
{"level":"info","message":"MongoDB Atlas connected successfully","timestamp":"2025-03-16T18:15:20.553Z"}
{"level":"info","message":"Server started on port 5000"}
{"level":"info","message":"MongoDB connected successfully"}
{"level":"info","message":"Login attempt: user@user.com"}
{"level":"warn","message":"Login failed - Incorrect password: user@user.com"}
{"level":"info","message":"Server started on port 5000"}
{"level":"info","message":"MongoDB connected successfully"}
{"level":"info","message":"User Logged In: user@user.com"}
